0 info it worked if it ends with ok
1 verbose cli [ '/usr/bin/node', '/usr/bin/npm', 'install', '-g', 'hubot' ]
2 info using npm@1.4.28
3 info using node@v0.10.40
4 verbose node symlink /usr/bin/node
5 verbose cache add [ 'hubot', null ]
6 verbose cache add name=undefined spec="hubot" args=["hubot",null]
7 verbose parsed url { protocol: null,
7 verbose parsed url   slashes: null,
7 verbose parsed url   auth: null,
7 verbose parsed url   host: null,
7 verbose parsed url   port: null,
7 verbose parsed url   hostname: null,
7 verbose parsed url   hash: null,
7 verbose parsed url   search: null,
7 verbose parsed url   query: null,
7 verbose parsed url   pathname: 'hubot',
7 verbose parsed url   path: 'hubot',
7 verbose parsed url   href: 'hubot' }
8 silly lockFile e868925b-hubot hubot
9 verbose lock hubot /home/konstantin/.npm/e868925b-hubot.lock
10 silly lockFile e868925b-hubot hubot
11 silly lockFile e868925b-hubot hubot
12 verbose addNamed [ 'hubot', '' ]
13 verbose addNamed [ null, '*' ]
14 silly lockFile 8fa1a24a-hubot hubot@
15 verbose lock hubot@ /home/konstantin/.npm/8fa1a24a-hubot.lock
16 silly addNameRange { name: 'hubot', range: '*', hasData: false }
17 verbose request where is /hubot
18 verbose request registry https://registry.npmjs.org/
19 verbose request id a6c45dcb5c22aeee
20 verbose url raw /hubot
21 verbose url resolving [ 'https://registry.npmjs.org/', './hubot' ]
22 verbose url resolved https://registry.npmjs.org/hubot
23 verbose request where is https://registry.npmjs.org/hubot
24 info trying registry request attempt 1 at 14:40:34
25 http GET https://registry.npmjs.org/hubot
26 http 200 https://registry.npmjs.org/hubot
27 silly registry.get cb [ 200,
27 silly registry.get   { server: 'CouchDB/1.5.0 (Erlang OTP/R16B03)',
27 silly registry.get     etag: '"D8QZYG64LUJB58N4AKPB50KIP"',
27 silly registry.get     'content-type': 'application/json',
27 silly registry.get     'cache-control': 'max-age=60',
27 silly registry.get     'content-length': '92572',
27 silly registry.get     'accept-ranges': 'bytes',
27 silly registry.get     date: 'Sat, 22 Aug 2015 08:40:35 GMT',
27 silly registry.get     via: '1.1 varnish',
27 silly registry.get     age: '0',
27 silly registry.get     connection: 'keep-alive',
27 silly registry.get     'x-served-by': 'cache-fra1220-FRA',
27 silly registry.get     'x-cache': 'MISS',
27 silly registry.get     'x-cache-hits': '0',
27 silly registry.get     'x-timer': 'S1440232834.509656,VS0,VE544',
27 silly registry.get     vary: 'Accept' } ]
28 silly addNameRange number 2 { name: 'hubot', range: '*', hasData: true }
29 silly addNameRange versions [ 'hubot',
29 silly addNameRange   [ '1.0.0',
29 silly addNameRange     '1.0.2',
29 silly addNameRange     '1.0.3',
29 silly addNameRange     '1.0.4',
29 silly addNameRange     '1.0.5',
29 silly addNameRange     '1.0.6',
29 silly addNameRange     '1.1.0',
29 silly addNameRange     '1.1.1',
29 silly addNameRange     '1.1.2',
29 silly addNameRange     '1.1.3',
29 silly addNameRange     '1.1.4',
29 silly addNameRange     '1.1.5',
29 silly addNameRange     '1.1.6',
29 silly addNameRange     '1.1.7',
29 silly addNameRange     '1.1.8',
29 silly addNameRange     '1.1.9',
29 silly addNameRange     '1.1.10',
29 silly addNameRange     '1.1.11',
29 silly addNameRange     '2.0.2',
29 silly addNameRange     '2.0.4',
29 silly addNameRange     '2.0.5',
29 silly addNameRange     '2.0.6',
29 silly addNameRange     '2.0.7',
29 silly addNameRange     '2.1.0',
29 silly addNameRange     '2.1.1',
29 silly addNameRange     '2.1.2',
29 silly addNameRange     '2.1.3',
29 silly addNameRange     '2.1.4',
29 silly addNameRange     '2.2.0',
29 silly addNameRange     '2.2.1',
29 silly addNameRange     '2.3.0',
29 silly addNameRange     '2.3.2',
29 silly addNameRange     '2.3.3',
29 silly addNameRange     '2.3.4',
29 silly addNameRange     '2.3.5',
29 silly addNameRange     '2.4.0',
29 silly addNameRange     '2.4.1',
29 silly addNameRange     '2.4.2',
29 silly addNameRange     '2.4.4',
29 silly addNameRange     '2.4.5',
29 silly addNameRange     '2.4.6',
29 silly addNameRange     '2.4.7',
29 silly addNameRange     '2.4.8',
29 silly addNameRange     '2.5.0',
29 silly addNameRange     '2.5.1',
29 silly addNameRange     '2.5.2',
29 silly addNameRange     '2.5.3',
29 silly addNameRange     '2.5.4',
29 silly addNameRange     '2.5.5',
29 silly addNameRange     '2.6.0',
29 silly addNameRange     '2.6.1',
29 silly addNameRange     '2.6.2',
29 silly addNameRange     '2.6.3',
29 silly addNameRange     '2.6.4',
29 silly addNameRange     '2.6.5',
29 silly addNameRange     '2.7.0',
29 silly addNameRange     '2.7.1',
29 silly addNameRange     '2.7.2',
29 silly addNameRange     '2.7.3',
29 silly addNameRange     '2.7.4',
29 silly addNameRange     '2.7.5',
29 silly addNameRange     '2.8.0',
29 silly addNameRange     '2.8.1',
29 silly addNameRange     '2.8.2-beta1',
29 silly addNameRange     '2.8.2',
29 silly addNameRange     '2.8.3-beta',
29 silly addNameRange     '2.8.3',
29 silly addNameRange     '2.9.0',
29 silly addNameRange     '2.9.3',
29 silly addNameRange     '2.10.0',
29 silly addNameRange     '2.11.0',
29 silly addNameRange     '2.11.1',
29 silly addNameRange     '2.11.2',
29 silly addNameRange     '2.11.3',
29 silly addNameRange     '2.11.4',
29 silly addNameRange     '2.12.0',
29 silly addNameRange     '2.13.0',
29 silly addNameRange     '2.13.1',
29 silly addNameRange     '2.13.2',
29 silly addNameRange     '2.14.0-beta1',
29 silly addNameRange     '2.14.0',
29 silly addNameRange     '2.15.0' ] ]
30 verbose addNamed [ 'hubot', '2.15.0' ]
31 verbose addNamed [ '2.15.0', '2.15.0' ]
32 silly lockFile 22c54ef5-hubot-2-15-0 hubot@2.15.0
33 verbose lock hubot@2.15.0 /home/konstantin/.npm/22c54ef5-hubot-2-15-0.lock
34 silly lockFile 1232806d-npmjs-org-hubot-hubot-2-15-0-tgz https://registry.npmjs.org/hubot/-/hubot-2.15.0.tgz
35 verbose lock https://registry.npmjs.org/hubot/-/hubot-2.15.0.tgz /home/konstantin/.npm/1232806d-npmjs-org-hubot-hubot-2-15-0-tgz.lock
36 verbose addRemoteTarball [ 'https://registry.npmjs.org/hubot/-/hubot-2.15.0.tgz',
36 verbose addRemoteTarball   'd800f3e0bdd53b78d97d89aef42c098ff8bae876' ]
37 info retry fetch attempt 1 at 14:40:35
38 verbose fetch to= /tmp/npm-26342-vawMiudG/registry.npmjs.org/hubot/-/hubot-2.15.0.tgz
39 http GET https://registry.npmjs.org/hubot/-/hubot-2.15.0.tgz
40 http 200 https://registry.npmjs.org/hubot/-/hubot-2.15.0.tgz
41 silly lockFile 1232806d-npmjs-org-hubot-hubot-2-15-0-tgz https://registry.npmjs.org/hubot/-/hubot-2.15.0.tgz
42 silly lockFile 1232806d-npmjs-org-hubot-hubot-2-15-0-tgz https://registry.npmjs.org/hubot/-/hubot-2.15.0.tgz
43 silly lockFile 22c54ef5-hubot-2-15-0 hubot@2.15.0
44 silly lockFile 22c54ef5-hubot-2-15-0 hubot@2.15.0
45 silly lockFile 8fa1a24a-hubot hubot@
46 silly lockFile 8fa1a24a-hubot hubot@
47 silly resolved [ { name: 'hubot',
47 silly resolved     version: '2.15.0',
47 silly resolved     author: { name: 'hubot' },
47 silly resolved     keywords: [ 'github', 'hubot', 'campfire', 'bot' ],
47 silly resolved     description: 'A simple helpful robot for your Company',
47 silly resolved     license: 'MIT',
47 silly resolved     repository: { type: 'git', url: 'git+https://github.com/github/hubot.git' },
47 silly resolved     dependencies:
47 silly resolved      { async: '>=0.1.0 <1.0.0',
47 silly resolved        chalk: '^1.0.0',
47 silly resolved        cline: '^0.8.2',
47 silly resolved        'coffee-script': '1.6.3',
47 silly resolved        'connect-multiparty': '^1.2.5',
47 silly resolved        express: '3.18.1',
47 silly resolved        log: '1.4.0',
47 silly resolved        optparse: '1.0.4',
47 silly resolved        'scoped-http-client': '0.11.0' },
47 silly resolved     devDependencies:
47 silly resolved      { 'hubot-mock-adapter': '^1.0.0',
47 silly resolved        mocha: '^2.1.0',
47 silly resolved        mockery: '^1.4.0',
47 silly resolved        'sinon-chai': '^2.6.0' },
47 silly resolved     engines: { node: '>= 0.8.x', npm: '>= 1.1.x' },
47 silly resolved     main: './index',
47 silly resolved     bin: { hubot: './bin/hubot' },
47 silly resolved     scripts: { test: './script/test' },
47 silly resolved     gitHead: 'ebab494f8bd01252c4e6d7a2a0e02b43cee393dc',
47 silly resolved     bugs: { url: 'https://github.com/github/hubot/issues' },
47 silly resolved     homepage: 'https://github.com/github/hubot#readme',
47 silly resolved     _id: 'hubot@2.15.0',
47 silly resolved     _shasum: 'd800f3e0bdd53b78d97d89aef42c098ff8bae876',
47 silly resolved     _from: 'hubot@',
47 silly resolved     _npmVersion: '2.11.2',
47 silly resolved     _nodeVersion: '0.10.29',
47 silly resolved     _npmUser: { name: 'michaelansel', email: 'npm@anselcomputers.com' },
47 silly resolved     dist:
47 silly resolved      { shasum: 'd800f3e0bdd53b78d97d89aef42c098ff8bae876',
47 silly resolved        tarball: 'http://registry.npmjs.org/hubot/-/hubot-2.15.0.tgz' },
47 silly resolved     maintainers: [ [Object], [Object], [Object], [Object] ],
47 silly resolved     directories: {},
47 silly resolved     _resolved: 'https://registry.npmjs.org/hubot/-/hubot-2.15.0.tgz' } ]
48 info install hubot@2.15.0 into /usr/lib
49 info installOne hubot@2.15.0
50 verbose lib/node_modules/hubot unbuild
51 verbose tar unpack /home/konstantin/.npm/hubot/2.15.0/package.tgz
52 silly lockFile 1f8ef674-tar-usr-lib-node-modules-hubot tar:///usr/lib/node_modules/hubot
53 verbose lock tar:///usr/lib/node_modules/hubot /home/konstantin/.npm/1f8ef674-tar-usr-lib-node-modules-hubot.lock
54 silly lockFile 8490e334-tin-npm-hubot-2-15-0-package-tgz tar:///home/konstantin/.npm/hubot/2.15.0/package.tgz
55 verbose lock tar:///home/konstantin/.npm/hubot/2.15.0/package.tgz /home/konstantin/.npm/8490e334-tin-npm-hubot-2-15-0-package-tgz.lock
56 silly gunzTarPerm modes [ '775', '664' ]
57 error Error: EACCES, mkdir '/usr/lib/node_modules/hubot'
57 error  { [Error: EACCES, mkdir '/usr/lib/node_modules/hubot']
57 error   errno: 3,
57 error   code: 'EACCES',
57 error   path: '/usr/lib/node_modules/hubot',
57 error   fstream_type: 'Directory',
57 error   fstream_path: '/usr/lib/node_modules/hubot',
57 error   fstream_class: 'DirWriter',
57 error   fstream_stack:
57 error    [ '/usr/lib/node_modules/npm/node_modules/fstream/lib/dir-writer.js:36:23',
57 error      '/usr/lib/node_modules/npm/node_modules/mkdirp/index.js:46:53',
57 error      'Object.oncomplete (fs.js:108:15)' ] }
58 error Please try running this command again as root/Administrator.
59 error System Linux 3.13.0-61-generic
60 error command "/usr/bin/node" "/usr/bin/npm" "install" "-g" "hubot"
61 error cwd /home/konstantin/Documents/Projects/CrystalBot
62 error node -v v0.10.40
63 error npm -v 1.4.28
64 error path /usr/lib/node_modules/hubot
65 error fstream_path /usr/lib/node_modules/hubot
66 error fstream_type Directory
67 error fstream_class DirWriter
68 error code EACCES
69 error errno 3
70 error stack Error: EACCES, mkdir '/usr/lib/node_modules/hubot'
71 error fstream_stack /usr/lib/node_modules/npm/node_modules/fstream/lib/dir-writer.js:36:23
71 error fstream_stack /usr/lib/node_modules/npm/node_modules/mkdirp/index.js:46:53
71 error fstream_stack Object.oncomplete (fs.js:108:15)
72 verbose exit [ 3, true ]
